[17Mai2024 14:40:26.356] [main/INFO] [cpw.mods.modlauncher.Launcher/MODLAUNCHER]: ModLauncher running: args [--mod, ancient_aether, --all, --output, C:\Users\PC\Documents\Ancient-Aether3\src\generated\resources, --existing, C:\Users\PC\Documents\Ancient-Aether3\src\main\resources, --launchTarget, forgedatauserdev, --assetIndex, asset-index, --assetsDir, C:\Users\PC\.gradle\caches\minecraft\assets\1.20.4, --gameDir, ., --fml.neoForgeVersion, 20.4.167, --fml.fmlVersion, 2.0.11, --fml.mcVersion, 1.20.4, --fml.neoFormVersion, 20231207.154220]
[17Mai2024 14:40:26.364] [main/INFO] [cpw.mods.modlauncher.Launcher/MODLAUNCHER]: ModLauncher 10.0.9+10.0.9+main.dcd20f30 starting: java version 17.0.9 by Eclipse Adoptium; OS Windows 11 arch amd64 version 10.0
[17Mai2024 14:40:26.690] [main/WARN] [net.neoforged.fml.loading.FMLConfig/CORE]: Configuration file C:\Users\PC\Documents\Ancient-Aether3\runs\data\config\fml.toml is not correct. Correcting
[17Mai2024 14:40:26.696] [main/INFO] [net.neoforged.fml.loading.FMLConfig/CORE]: Incorrect key [disableConfigWatcher] was corrected from null to false
[17Mai2024 14:40:26.697] [main/INFO] [net.neoforged.fml.loading.FMLConfig/CORE]: Incorrect key [earlyWindowSkipGLVersions] was corrected from null to []
[17Mai2024 14:40:26.699] [main/INFO] [net.neoforged.fml.loading.FMLConfig/CORE]: Incorrect key [earlyWindowSquir] was corrected from null to false
[17Mai2024 14:40:26.815] [main/INFO] [net.neoforged.fml.loading.ImmediateWindowHandler/]: ImmediateWindowProvider not loading because launch target is forgedatauserdev
[17Mai2024 14:40:27.088] [main/INFO] [mixin/]: SpongePowered MIXIN Subsystem Version=0.8.5 Source=union:/C:/Users/PC/.gradle/caches/modules-2/files-2.1/org.spongepowered/mixin/0.8.5/9d1c0c3a304ae6697ecd477218fa61b850bf57fc/mixin-0.8.5.jar%23169!/ Service=ModLauncher Env=CLIENT
[17Mai2024 14:40:27.684] [main/ERROR] [net.neoforged.fml.loading.moddiscovery.ModInfo/]: Mod 'ancient_aether' uses deprecated 'mandatory' field in the dependency declaration for 'aether'. Use the 'type' field and 'required'/'optional' instead
[17Mai2024 14:40:27.686] [main/ERROR] [net.neoforged.fml.loading.moddiscovery.ModDiscoverer/SCAN]: Locator net.neoforged.fml.loading.moddiscovery.MinecraftLocator@29caf222 found an invalid mod file net.neoforged.fml.loading.moddiscovery.ModFileInfo@20765ed5
net.neoforged.fml.loading.moddiscovery.InvalidModFileException: Deprecated 'mandatory' field is used in dependency (main)
	at net.neoforged.fml.loading.moddiscovery.ModInfo$ModVersion.lambda$new$2(ModInfo.java:228) ~[loader-2.0.11.jar:2.0]
	at java.util.Optional.orElseGet(Optional.java:364) ~[?:?]
	at net.neoforged.fml.loading.moddiscovery.ModInfo$ModVersion.<init>(ModInfo.java:221) ~[loader-2.0.11.jar:2.0]
	at net.neoforged.fml.loading.moddiscovery.ModInfo.lambda$new$8(ModInfo.java:102) ~[loader-2.0.11.jar:2.0]
	at java.util.stream.ReferencePipeline$3$1.accept(ReferencePipeline.java:197) ~[?:?]
	at java.util.ArrayList$ArrayListSpliterator.forEachRemaining(ArrayList.java:1625) ~[?:?]
	at java.util.stream.AbstractPipeline.copyInto(AbstractPipeline.java:509) ~[?:?]
	at java.util.stream.AbstractPipeline.wrapAndCopyInto(AbstractPipeline.java:499) ~[?:?]
	at java.util.stream.AbstractPipeline.evaluate(AbstractPipeline.java:575) ~[?:?]
	at java.util.stream.AbstractPipeline.evaluateToArrayNode(AbstractPipeline.java:260) ~[?:?]
	at java.util.stream.ReferencePipeline.toArray(ReferencePipeline.java:616) ~[?:?]
	at java.util.stream.ReferencePipeline.toArray(ReferencePipeline.java:622) ~[?:?]
	at java.util.stream.ReferencePipeline.toList(ReferencePipeline.java:627) ~[?:?]
	at net.neoforged.fml.loading.moddiscovery.ModInfo.<init>(ModInfo.java:103) ~[loader-2.0.11.jar:2.0]
	at net.neoforged.fml.loading.moddiscovery.ModFileInfo.lambda$new$2(ModFileInfo.java:88) ~[loader-2.0.11.jar:2.0]
	at java.util.stream.ReferencePipeline$3$1.accept(ReferencePipeline.java:197) ~[?:?]
	at java.util.ArrayList$ArrayListSpliterator.forEachRemaining(ArrayList.java:1625) ~[?:?]
	at java.util.stream.AbstractPipeline.copyInto(AbstractPipeline.java:509) ~[?:?]
	at java.util.stream.AbstractPipeline.wrapAndCopyInto(AbstractPipeline.java:499) ~[?:?]
	at java.util.stream.AbstractPipeline.evaluate(AbstractPipeline.java:575) ~[?:?]
	at java.util.stream.AbstractPipeline.evaluateToArrayNode(AbstractPipeline.java:260) ~[?:?]
	at java.util.stream.ReferencePipeline.toArray(ReferencePipeline.java:616) ~[?:?]
	at java.util.stream.ReferencePipeline.toArray(ReferencePipeline.java:622) ~[?:?]
	at java.util.stream.ReferencePipeline.toList(ReferencePipeline.java:627) ~[?:?]
	at net.neoforged.fml.loading.moddiscovery.ModFileInfo.<init>(ModFileInfo.java:89) ~[loader-2.0.11.jar:2.0]
	at net.neoforged.fml.loading.moddiscovery.ModFileParser.modsTomlParser(ModFileParser.java:47) ~[loader-2.0.11.jar:2.0]
	at net.neoforged.fml.loading.moddiscovery.ModFileParser.readModList(ModFileParser.java:31) ~[loader-2.0.11.jar:2.0]
	at net.neoforged.fml.loading.moddiscovery.ModFile.<init>(ModFile.java:72) ~[loader-2.0.11.jar:2.0]
	at net.neoforged.fml.loading.moddiscovery.ModFile.<init>(ModFile.java:61) ~[loader-2.0.11.jar:2.0]
	at net.neoforged.fml.loading.moddiscovery.AbstractModProvider.createMod(AbstractModProvider.java:48) ~[loader-2.0.11.jar:2.0]
	at net.neoforged.fml.loading.moddiscovery.MinecraftLocator.lambda$scanMods$4(MinecraftLocator.java:51) ~[loader-2.0.11.jar:2.0]
	at java.util.stream.ReferencePipeline$3$1.accept(ReferencePipeline.java:197) ~[?:?]
	at java.util.AbstractList$RandomAccessSpliterator.forEachRemaining(AbstractList.java:720) ~[?:?]
	at java.util.stream.AbstractPipeline.copyInto(AbstractPipeline.java:509) ~[?:?]
	at java.util.stream.AbstractPipeline.wrapAndCopyInto(AbstractPipeline.java:499) ~[?:?]
	at java.util.stream.StreamSpliterators$WrappingSpliterator.forEachRemaining(StreamSpliterators.java:310) ~[?:?]
	at java.util.stream.Streams$ConcatSpliterator.forEachRemaining(Streams.java:735) ~[?:?]
	at java.util.stream.AbstractPipeline.copyInto(AbstractPipeline.java:509) ~[?:?]
	at java.util.stream.AbstractPipeline.wrapAndCopyInto(AbstractPipeline.java:499) ~[?:?]
	at java.util.stream.AbstractPipeline.evaluate(AbstractPipeline.java:575) ~[?:?]
	at java.util.stream.AbstractPipeline.evaluateToArrayNode(AbstractPipeline.java:260) ~[?:?]
	at java.util.stream.ReferencePipeline.toArray(ReferencePipeline.java:616) ~[?:?]
	at java.util.stream.ReferencePipeline.toArray(ReferencePipeline.java:622) ~[?:?]
	at java.util.stream.ReferencePipeline.toList(ReferencePipeline.java:627) ~[?:?]
	at net.neoforged.fml.loading.moddiscovery.MinecraftLocator.scanMods(MinecraftLocator.java:55) ~[loader-2.0.11.jar:2.0]
	at net.neoforged.fml.loading.moddiscovery.ModDiscoverer.discoverMods(ModDiscoverer.java:75) ~[loader-2.0.11.jar:2.0]
	at net.neoforged.fml.loading.FMLLoader.beginModScan(FMLLoader.java:155) ~[loader-2.0.11.jar:2.0]
	at net.neoforged.fml.loading.FMLServiceProvider.beginScanning(FMLServiceProvider.java:88) ~[loader-2.0.11.jar:2.0]
	at cpw.mods.modlauncher.TransformationServiceDecorator.runScan(TransformationServiceDecorator.java:112) ~[modlauncher-10.0.9.jar:?]
	at cpw.mods.modlauncher.TransformationServicesHandler.lambda$runScanningTransformationServices$8(TransformationServicesHandler.java:100) ~[modlauncher-10.0.9.jar:?]
	at java.util.stream.ReferencePipeline$3$1.accept(ReferencePipeline.java:197) ~[?:?]
	at java.util.HashMap$ValueSpliterator.forEachRemaining(HashMap.java:1779) ~[?:?]
	at java.util.stream.AbstractPipeline.copyInto(AbstractPipeline.java:509) ~[?:?]
	at java.util.stream.AbstractPipeline.wrapAndCopyInto(AbstractPipeline.java:499) ~[?:?]
	at java.util.stream.AbstractPipeline.evaluate(AbstractPipeline.java:575) ~[?:?]
	at java.util.stream.AbstractPipeline.evaluateToArrayNode(AbstractPipeline.java:260) ~[?:?]
	at java.util.stream.ReferencePipeline.toArray(ReferencePipeline.java:616) ~[?:?]
	at java.util.stream.ReferencePipeline.toArray(ReferencePipeline.java:622) ~[?:?]
	at java.util.stream.ReferencePipeline.toList(ReferencePipeline.java:627) ~[?:?]
	at cpw.mods.modlauncher.TransformationServicesHandler.runScanningTransformationServices(TransformationServicesHandler.java:102) ~[modlauncher-10.0.9.jar:?]
	at cpw.mods.modlauncher.TransformationServicesHandler.initializeTransformationServices(TransformationServicesHandler.java:55) ~[modlauncher-10.0.9.jar:?]
	at cpw.mods.modlauncher.Launcher.run(Launcher.java:88) ~[modlauncher-10.0.9.jar:?]
	at cpw.mods.modlauncher.Launcher.main(Launcher.java:78) ~[modlauncher-10.0.9.jar:?]
	at cpw.mods.modlauncher.BootstrapLaunchConsumer.accept(BootstrapLaunchConsumer.java:26) ~[modlauncher-10.0.9.jar:?]
	at cpw.mods.modlauncher.BootstrapLaunchConsumer.accept(BootstrapLaunchConsumer.java:23) ~[modlauncher-10.0.9.jar:?]
	at cpw.mods.bootstraplauncher.BootstrapLauncher.main(BootstrapLauncher.java:141) ~[bootstraplauncher-1.1.2.jar:?]
[17Mai2024 14:40:27.908] [main/INFO] [net.neoforged.fml.loading.moddiscovery.ModDiscoverer/SCAN]: Found mod file "aether-1.20.4-1.4.1-neoforge.jar" of type MOD with provider net.neoforged.fml.loading.moddiscovery.ClasspathLocator@50b1f030
[17Mai2024 14:40:27.908] [main/INFO] [net.neoforged.fml.loading.moddiscovery.ModDiscoverer/SCAN]: Found mod file "aeroblender-1.20.4-1.0.1-neoforge.jar" of type MOD with provider net.neoforged.fml.loading.moddiscovery.ClasspathLocator@50b1f030
[17Mai2024 14:40:27.909] [main/INFO] [net.neoforged.fml.loading.moddiscovery.ModDiscoverer/SCAN]: Found mod file "TerraBlender-neoforge-1.20.4-3.3.0.12.jar" of type MOD with provider net.neoforged.fml.loading.moddiscovery.ClasspathLocator@50b1f030
[17Mai2024 14:40:27.909] [main/INFO] [net.neoforged.fml.loading.moddiscovery.ModDiscoverer/SCAN]: Found mod file "nitrogen_internals-1.20.4-1.1.0-neoforge.jar" of type MOD with provider net.neoforged.fml.loading.moddiscovery.ClasspathLocator@50b1f030
[17Mai2024 14:40:27.909] [main/INFO] [net.neoforged.fml.loading.moddiscovery.ModDiscoverer/SCAN]: Found mod file "cumulus_menus-1.20.4-1.0.1-neoforge.jar" of type MOD with provider net.neoforged.fml.loading.moddiscovery.ClasspathLocator@50b1f030
[17Mai2024 14:40:27.909] [main/INFO] [net.neoforged.fml.loading.moddiscovery.ModDiscoverer/SCAN]: Found mod file "mixinextras-forge-0.3.5.jar" of type GAMELIBRARY with provider net.neoforged.fml.loading.moddiscovery.ClasspathLocator@50b1f030
[17Mai2024 14:40:27.910] [main/INFO] [net.neoforged.fml.loading.moddiscovery.ModDiscoverer/SCAN]: Found mod file "curios-neoforge-7.3.4+1.20.4.jar" of type MOD with provider net.neoforged.fml.loading.moddiscovery.ClasspathLocator@50b1f030
[17Mai2024 14:40:27.910] [main/INFO] [net.neoforged.fml.loading.moddiscovery.ModDiscoverer/SCAN]: Found mod file "aether-1.20.4-1.4.1-neoforge.jar" of type MOD with provider net.neoforged.fml.loading.moddiscovery.ClasspathLocator@50b1f030
[17Mai2024 14:40:27.910] [main/INFO] [net.neoforged.fml.loading.moddiscovery.ModDiscoverer/SCAN]: Found mod file "aeroblender-1.20.4-1.0.1-neoforge.jar" of type MOD with provider net.neoforged.fml.loading.moddiscovery.ClasspathLocator@50b1f030
[17Mai2024 14:40:27.910] [main/INFO] [net.neoforged.fml.loading.moddiscovery.ModDiscoverer/SCAN]: Found mod file "TerraBlender-neoforge-1.20.4-3.3.0.12.jar" of type MOD with provider net.neoforged.fml.loading.moddiscovery.ClasspathLocator@50b1f030
[17Mai2024 14:40:27.911] [main/INFO] [net.neoforged.fml.loading.moddiscovery.ModDiscoverer/SCAN]: Found mod file "nitrogen_internals-1.20.4-1.1.0-neoforge.jar" of type MOD with provider net.neoforged.fml.loading.moddiscovery.ClasspathLocator@50b1f030
[17Mai2024 14:40:27.911] [main/INFO] [net.neoforged.fml.loading.moddiscovery.ModDiscoverer/SCAN]: Found mod file "cumulus_menus-1.20.4-1.0.1-neoforge.jar" of type MOD with provider net.neoforged.fml.loading.moddiscovery.ClasspathLocator@50b1f030
[17Mai2024 14:40:27.912] [main/INFO] [net.neoforged.fml.loading.moddiscovery.ModDiscoverer/SCAN]: Found mod file "mixinextras-forge-0.3.5.jar" of type GAMELIBRARY with provider net.neoforged.fml.loading.moddiscovery.ClasspathLocator@50b1f030
[17Mai2024 14:40:27.912] [main/INFO] [net.neoforged.fml.loading.moddiscovery.ModDiscoverer/SCAN]: Found mod file "curios-neoforge-7.3.4+1.20.4.jar" of type MOD with provider net.neoforged.fml.loading.moddiscovery.ClasspathLocator@50b1f030
[17Mai2024 14:40:28.190] [main/WARN] [net.neoforged.jarjar.selection.JarSelector/]: Attempted to select a dependency jar for JarJar which was passed in as source: nitrogen_internals. Using Mod File: C:\Users\PC\.gradle\caches\modules-2\files-2.1\com.aetherteam.nitrogen\nitrogen_internals\1.20.4-1.1.0-neoforge\b42c03429f3a8aa959731082954503a043b03451\nitrogen_internals-1.20.4-1.1.0-neoforge.jar
[17Mai2024 14:40:28.191] [main/WARN] [net.neoforged.jarjar.selection.JarSelector/]: Attempted to select a dependency jar for JarJar which was passed in as source: curios. Using Mod File: C:\Users\PC\.gradle\caches\modules-2\files-2.1\top.theillusivec4.curios\curios-neoforge\7.3.4+1.20.4\a87eaa9102ea78d57c5b98f32e1f1edd71c3767c\curios-neoforge-7.3.4+1.20.4.jar
[17Mai2024 14:40:28.191] [main/WARN] [net.neoforged.jarjar.selection.JarSelector/]: Attempted to select a dependency jar for JarJar which was passed in as source: cumulus_menus. Using Mod File: C:\Users\PC\.gradle\caches\modules-2\files-2.1\com.aetherteam.cumulus\cumulus_menus\1.20.4-1.0.1-neoforge\67c91d7d1f210b4e2cac6cd9190171ae5e181685\cumulus_menus-1.20.4-1.0.1-neoforge.jar
[17Mai2024 14:40:28.191] [main/INFO] [net.neoforged.fml.loading.moddiscovery.JarInJarDependencyLocator/]: Found 1 dependencies adding them to mods collection
[17Mai2024 14:40:28.192] [main/INFO] [net.neoforged.fml.loading.moddiscovery.ModDiscoverer/SCAN]: Found mod file "MixinExtras-0.3.5.jar" of type GAMELIBRARY with provider net.neoforged.fml.loading.moddiscovery.JarInJarDependencyLocator@347bdeef
